Starting synapse analysis pipeline...
Setting up configuration...
Loading VGG3D model...
Loading synapse data...
Error in pipeline: Missing optional dependency 'openpyxl'.  Use pip or conda to install openpyxl.
Traceback (most recent call last):
  File "C:\Users\alim9\.conda\envs\synapse2\lib\site-packages\pandas\compat\_optional.py", line 135, in import_optional_dependency
    module = importlib.import_module(name)
  File "C:\Users\alim9\.conda\envs\synapse2\lib\importlib\__init__.py", line 127, in import_module
    return _bootstrap._gcd_import(name[level:], package, level)
  File "<frozen importlib._bootstrap>", line 1030, in _gcd_import
  File "<frozen importlib._bootstrap>", line 1007, in _find_and_load
  File "<frozen importlib._bootstrap>", line 984, in _find_and_load_unlocked
ModuleNotFoundError: No module named 'openpyxl'

During handling of the above exception, another exception occurred:

Traceback (most recent call last):
  File "C:\Users\alim9\Documents\codes\synapse2\run_synapse_pipeline.py", line 882, in <module>
    run_pipeline()
  File "C:\Users\alim9\Documents\codes\synapse2\run_synapse_pipeline.py", line 852, in run_pipeline
    vol_data_dict, syn_df = load_data()
  File "C:\Users\alim9\Documents\codes\synapse2\run_synapse_pipeline.py", line 189, in load_data
    syn_df = pd.concat([
  File "C:\Users\alim9\Documents\codes\synapse2\run_synapse_pipeline.py", line 190, in <listcomp>
    pd.read_excel(os.path.join(config.excel_file, f"{bbox}.xlsx")).assign(bbox_name=bbox)
  File "C:\Users\alim9\.conda\envs\synapse2\lib\site-packages\pandas\io\excel\_base.py", line 495, in read_excel
    io = ExcelFile(
  File "C:\Users\alim9\.conda\envs\synapse2\lib\site-packages\pandas\io\excel\_base.py", line 1567, in __init__
    self._reader = self._engines[engine](
  File "C:\Users\alim9\.conda\envs\synapse2\lib\site-packages\pandas\io\excel\_openpyxl.py", line 552, in __init__
    import_optional_dependency("openpyxl")
  File "C:\Users\alim9\.conda\envs\synapse2\lib\site-packages\pandas\compat\_optional.py", line 138, in import_optional_dependency
    raise ImportError(msg)
ImportError: Missing optional dependency 'openpyxl'.  Use pip or conda to install openpyxl.

Starting synapse analysis pipeline...
Setting up configuration...
Loading VGG3D model...
Loading synapse data...
Loading manual annotations...
Loaded 60 manually annotated samples
Extracting stage-specific features from layer 20...
Layer 20 is in Stage 3
Extracted features for 7 synapses with 96 features
Features saved to results/csv_outputs\all_synapses_features_layer20.csv
Projecting features using UMAP...
Using 96 features for projection
Projection saved to results/csv_outputs\all_synapses_projection_umap.csv
Visualizing UMAP projection with manual annotations...
Visualization saved to results/clustering_results_final\all_synapses_umap_with_manual_clusters.png
Creating detailed visualization with bbox information...
Detailed visualization saved to results/clustering_results_final\all_synapses_umap_with_bbox_and_manual_clusters.png
Clustering features into 10 clusters...
Clustering saved to results/clustering_results_final\all_synapses_clustered_10.csv
Visualizing manual vs. automatic clusters...
Cluster comparison saved to results/clustering_results_final\manual_vs_auto_clusters_comparison.png
Pipeline complete!
Starting synapse analysis pipeline...
Setting up configuration...
Loading VGG3D model...
Loading synapse data...
Loading manual annotations...
Loaded 60 manually annotated samples
Extracting stage-specific features from layer 20...
Layer 20 is in Stage 3
Extracted features for 7 synapses with 96 features
Features saved to results/csv_outputs\all_synapses_features_layer20.csv
Projecting features using UMAP...
Using 96 features for projection
Projection saved to results/csv_outputs\all_synapses_projection_umap.csv
Visualizing UMAP projection with manual annotations...
Visualization saved to results/clustering_results_final\all_synapses_umap_with_manual_clusters.png
Creating detailed visualization with bbox information...
Detailed visualization saved to results/clustering_results_final\all_synapses_umap_with_bbox_and_manual_clusters.png
Clustering features into 10 clusters...
Clustering saved to results/clustering_results_final\all_synapses_clustered_10.csv
Visualizing manual vs. automatic clusters...
Cluster comparison saved to results/clustering_results_final\manual_vs_auto_clusters_comparison.png
Pipeline complete!
Starting synapse analysis pipeline...
Setting up configuration...
Loading VGG3D model...
Loading synapse data...
Loading manual annotations...
Loaded 60 manually annotated samples
Extracting stage-specific features from layer 20...
Layer 20 is in Stage 3
Extracted features for 7 synapses with 96 features
Features saved to results/csv_outputs\all_synapses_features_layer20.csv
Projecting features using UMAP...
Using 96 features for projection
Projection saved to results/csv_outputs\all_synapses_projection_umap.csv
Visualizing UMAP projection with manual annotations...
Visualization saved to results/clustering_results_final\all_synapses_umap_with_manual_clusters.png
Creating detailed visualization with bbox information...
Detailed visualization saved to results/clustering_results_final\all_synapses_umap_with_bbox_and_manual_clusters.png
Clustering features into 10 clusters...
Clustering saved to results/clustering_results_final\all_synapses_clustered_10.csv
Visualizing manual vs. automatic clusters...
Cluster comparison saved to results/clustering_results_final\manual_vs_auto_clusters_comparison.png
Pipeline complete!
Starting synapse analysis pipeline...
Setting up configuration...
Loading VGG3D model...
Loading synapse data...
Loading manual annotations...
Loaded 60 manually annotated samples
Extracting stage-specific features from layer 20...
Layer 20 is in Stage 3
Extracted features for 7 synapses with 96 features
Features saved to results/csv_outputs\all_synapses_features_layer20.csv
Projecting features using UMAP...
Using 96 features for projection
Projection saved to results/csv_outputs\all_synapses_projection_umap.csv
Visualizing UMAP projection with manual annotations...
Visualization saved to results/clustering_results_final\all_synapses_umap_with_manual_clusters.png
Creating detailed visualization with bbox information...
Detailed visualization saved to results/clustering_results_final\all_synapses_umap_with_bbox_and_manual_clusters.png
Clustering features into 10 clusters...
Clustering saved to results/clustering_results_final\all_synapses_clustered_10.csv
Visualizing manual vs. automatic clusters...
Cluster comparison saved to results/clustering_results_final\manual_vs_auto_clusters_comparison.png
Pipeline complete!

--- Starting pipeline run at 2025-04-09 21:48:54 ---
Running with configuration:
  Segmentation Type: 11
  Alpha: 1.0
  Feature Extraction Method: stage_specific
  Layer Number: 20

--- Starting pipeline run at 2025-04-09 21:50:23 ---
Running with configuration:
  Segmentation Type: 11
  Alpha: 1.0
  Feature Extraction Method: stage_specific
  Layer Number: 20

--- Starting pipeline run at 2025-04-13 18:35:21 ---
Running with configuration:
  Segmentation Type: 11
  Alpha: 1.0
  Feature Extraction Method: stage_specific
  Layer Number: 20
  Pooling Method: avg

--- Starting pipeline run at 2025-04-13 19:28:22 ---
Running with configuration:
  Segmentation Type: 11
  Alpha: 1.0
  Feature Extraction Method: stage_specific
  Layer Number: 20
  Pooling Method: concat_avg_max
